<?xml version="1.0" encoding="UTF-8"?>
<testng-results skipped="0" failed="0" ignored="0" total="1" passed="1">
  <reporter-output>
  </reporter-output>
  <suite name="Default suite" duration-ms="4470" started-at="2023-12-22T10:40:36 IST" finished-at="2023-12-22T10:40:41 IST">
    <groups>
    </groups>
    <test name="Default test" duration-ms="4470" started-at="2023-12-22T10:40:36 IST" finished-at="2023-12-22T10:40:41 IST">
      <class name="extenttrt.e11">
        <test-method status="PASS" signature="startTest()[pri:0, instance:extenttrt.e11@29b5cd00]" name="startTest" is-config="true" duration-ms="142" started-at="2023-12-22T10:40:36 IST" finished-at="2023-12-22T10:40:36 IST">
          <reporter-output>
          </reporter-output>
        </test-method> <!-- startTest -->
        <test-method status="PASS" signature="extentReportsDemo()[pri:0, instance:extenttrt.e11@29b5cd00]" name="extentReportsDemo" duration-ms="3979" started-at="2023-12-22T10:40:36 IST" finished-at="2023-12-22T10:40:40 IST">
          <reporter-output>
          </reporter-output>
        </test-method> <!-- extentReportsDemo -->
        <test-method status="PASS" signature="endTest()[pri:0, instance:extenttrt.e11@29b5cd00]" name="endTest" is-config="true" duration-ms="300" started-at="2023-12-22T10:40:40 IST" finished-at="2023-12-22T10:40:41 IST">
          <reporter-output>
          </reporter-output>
        </test-method> <!-- endTest -->
      </class> <!-- extenttrt.e11 -->
    </test> <!-- Default test -->
  </suite> <!-- Default suite -->
</testng-results>
